# JRE version: OpenJDK Runtime Environment (8.0_242-b01) (build 1.8.0_242-release-1644-b01)
# Java VM: OpenJDK 64-Bit Server VM (25.242-b01 mixed mode windows-amd64 compressed oops)
Heap:
 PSYoungGen      total 234496K, used 46780K [0x00000000d5580000, 0x00000000e8280000, 0x0000000100000000)
  eden space 212992K, 11% used [0x00000000d5580000,0x00000000d6e36f18,0x00000000e2580000)
  from space 21504K, 99% used [0x00000000e2580000,0x00000000e3a784a0,0x00000000e3a80000)
  to   space 28672K, 0% used [0x00000000e6680000,0x00000000e6680000,0x00000000e8280000)
 ParOldGen       total 134144K, used 46453K [0x0000000080000000, 0x0000000088300000, 0x00000000d5580000)
  object space 134144K, 34% used [0x0000000080000000,0x0000000082d5d5b8,0x0000000088300000)
 Metaspace       used 75628K, capacity 78192K, committed 78424K, reserved 1116160K
  class space    used 10205K, capacity 10797K, committed 10880K, reserved 1048576K
GC Heap History (10 events):
Event: 19.237 GC heap before
{Heap before GC invocations=14 (full 2):
 PSYoungGen      total 161792K, used 68334K [0x00000000d5580000, 0x00000000e2780000, 0x0000000100000000)
  eden space 148480K, 37% used [0x00000000d5580000,0x00000000d8b40cf8,0x00000000de680000)
  from space 13312K, 99% used [0x00000000de680000,0x00000000df37ade0,0x00000000df380000)
  to   space 18944K, 0% used [0x00000000e1500000,0x00000000e1500000,0x00000000e2780000)
 ParOldGen       total 87040K, used 29212K [0x0000000080000000, 0x0000000085500000, 0x00000000d5580000)
  object space 87040K, 33% used [0x0000000080000000,0x0000000081c87348,0x0000000085500000)
 Metaspace       used 57466K, capacity 58968K, committed 59096K, reserved 1099776K
  class space    used 7707K, capacity 8141K, committed 8192K, reserved 1048576K
Event: 19.267 GC heap after
Heap after GC invocations=14 (full 2):
 PSYoungGen      total 196096K, used 5965K [0x00000000d5580000, 0x00000000e3480000, 0x0000000100000000)
  eden space 177152K, 0% used [0x00000000d5580000,0x00000000d5580000,0x00000000e0280000)
  from space 18944K, 31% used [0x00000000e1500000,0x00000000e1ad3598,0x00000000e2780000)
  to   space 18944K, 0% used [0x00000000e0280000,0x00000000e0280000,0x00000000e1500000)
 ParOldGen       total 87040K, used 37547K [0x0000000080000000, 0x0000000085500000, 0x00000000d5580000)
  object space 87040K, 43% used [0x0000000080000000,0x00000000824aac50,0x0000000085500000)
 Metaspace       used 57466K, capacity 58968K, committed 59096K, reserved 1099776K
  class space    used 7707K, capacity 8141K, committed 8192K, reserved 1048576K
}
Event: 19.267 GC heap before
{Heap before GC invocations=15 (full 3):
 PSYoungGen      total 196096K, used 5965K [0x00000000d5580000, 0x00000000e3480000, 0x0000000100000000)
  eden space 177152K, 0% used [0x00000000d5580000,0x00000000d5580000,0x00000000e0280000)
  from space 18944K, 31% used [0x00000000e1500000,0x00000000e1ad3598,0x00000000e2780000)
  to   space 18944K, 0% used [0x00000000e0280000,0x00000000e0280000,0x00000000e1500000)
 ParOldGen       total 87040K, used 37547K [0x0000000080000000, 0x0000000085500000, 0x00000000d5580000)
  object space 87040K, 43% used [0x0000000080000000,0x00000000824aac50,0x0000000085500000)
 Metaspace       used 57466K, capacity 58968K, committed 59096K, reserved 1099776K
  class space    used 7707K, capacity 8141K, committed 8192K, reserved 1048576K
Event: 19.655 GC heap after
Heap after GC invocations=15 (full 3):
 PSYoungGen      total 196096K, used 0K [0x00000000d5580000, 0x00000000e3480000, 0x0000000100000000)
  eden space 177152K, 0% used [0x00000000d5580000,0x00000000d5580000,0x00000000e0280000)
  from space 18944K, 0% used [0x00000000e1500000,0x00000000e1500000,0x00000000e2780000)
  to   space 18944K, 0% used [0x00000000e0280000,0x00000000e0280000,0x00000000e1500000)
 ParOldGen       total 134144K, used 35155K [0x0000000080000000, 0x0000000088300000, 0x00000000d5580000)
  object space 134144K, 26% used [0x0000000080000000,0x0000000082254ee8,0x0000000088300000)
 Metaspace       used 57452K, capacity 58920K, committed 59096K, reserved 1099776K
  class space    used 7703K, capacity 8133K, committed 8192K, reserved 1048576K
}
Event: 25.579 GC heap before
{Heap before GC invocations=16 (full 3):
 PSYoungGen      total 196096K, used 177152K [0x00000000d5580000, 0x00000000e3480000, 0x0000000100000000)
  eden space 177152K, 100% used [0x00000000d5580000,0x00000000e0280000,0x00000000e0280000)
  from space 18944K, 0% used [0x00000000e1500000,0x00000000e1500000,0x00000000e2780000)
  to   space 18944K, 0% used [0x00000000e0280000,0x00000000e0280000,0x00000000e1500000)
 ParOldGen       total 134144K, used 35155K [0x0000000080000000, 0x0000000088300000, 0x00000000d5580000)
  object space 134144K, 26% used [0x0000000080000000,0x0000000082254ee8,0x0000000088300000)
 Metaspace       used 66683K, capacity 68596K, committed 68696K, reserved 1107968K
  class space    used 9040K, capacity 9515K, committed 9600K, reserved 1048576K
Event: 25.604 GC heap after
Heap after GC invocations=16 (full 3):
 PSYoungGen      total 196096K, used 12995K [0x00000000d5580000, 0x00000000e5100000, 0x0000000100000000)
  eden space 177152K, 0% used [0x00000000d5580000,0x00000000d5580000,0x00000000e0280000)
  from space 18944K, 68% used [0x00000000e0280000,0x00000000e0f30c98,0x00000000e1500000)
  to   space 19456K, 0% used [0x00000000e3e00000,0x00000000e3e00000,0x00000000e5100000)
 ParOldGen       total 134144K, used 35163K [0x0000000080000000, 0x0000000088300000, 0x00000000d5580000)
  object space 134144K, 26% used [0x0000000080000000,0x0000000082256ee8,0x0000000088300000)
 Metaspace       used 66683K, capacity 68596K, committed 68696K, reserved 1107968K
  class space    used 9040K, capacity 9515K, committed 9600K, reserved 1048576K
}
Event: 34.613 GC heap before
{Heap before GC invocations=17 (full 3):
 PSYoungGen      total 196096K, used 190147K [0x00000000d5580000, 0x00000000e5100000, 0x0000000100000000)
  eden space 177152K, 100% used [0x00000000d5580000,0x00000000e0280000,0x00000000e0280000)
  from space 18944K, 68% used [0x00000000e0280000,0x00000000e0f30c98,0x00000000e1500000)
  to   space 19456K, 0% used [0x00000000e3e00000,0x00000000e3e00000,0x00000000e5100000)
 ParOldGen       total 134144K, used 35163K [0x0000000080000000, 0x0000000088300000, 0x00000000d5580000)
  object space 134144K, 26% used [0x0000000080000000,0x0000000082256ee8,0x0000000088300000)
 Metaspace       used 69460K, capacity 71768K, committed 72024K, reserved 1112064K
  class space    used 9346K, capacity 9841K, committed 9856K, reserved 1048576K
Event: 34.649 GC heap after
Heap after GC invocations=17 (full 3):
 PSYoungGen      total 230912K, used 17776K [0x00000000d5580000, 0x00000000e4f80000, 0x0000000100000000)
  eden space 212992K, 0% used [0x00000000d5580000,0x00000000d5580000,0x00000000e2580000)
  from space 17920K, 99% used [0x00000000e3e00000,0x00000000e4f5c1d0,0x00000000e4f80000)
  to   space 21504K, 0% used [0x00000000e2580000,0x00000000e2580000,0x00000000e3a80000)
 ParOldGen       total 134144K, used 35171K [0x0000000080000000, 0x0000000088300000, 0x00000000d5580000)
  object space 134144K, 26% used [0x0000000080000000,0x0000000082258ee8,0x0000000088300000)
 Metaspace       used 69460K, capacity 71768K, committed 72024K, reserved 1112064K
  class space    used 9346K, capacity 9841K, committed 9856K, reserved 1048576K
}
Event: 53.882 GC heap before
{Heap before GC invocations=18 (full 3):
 PSYoungGen      total 230912K, used 230768K [0x00000000d5580000, 0x00000000e4f80000, 0x0000000100000000)
  eden space 212992K, 100% used [0x00000000d5580000,0x00000000e2580000,0x00000000e2580000)
  from space 17920K, 99% used [0x00000000e3e00000,0x00000000e4f5c1d0,0x00000000e4f80000)
  to   space 21504K, 0% used [0x00000000e2580000,0x00000000e2580000,0x00000000e3a80000)
 ParOldGen       total 134144K, used 35171K [0x0000000080000000, 0x0000000088300000, 0x00000000d5580000)
  object space 134144K, 26% used [0x0000000080000000,0x0000000082258ee8,0x0000000088300000)
 Metaspace       used 75335K, capacity 77942K, committed 78168K, reserved 1116160K
  class space    used 10179K, capacity 10760K, committed 10880K, reserved 1048576K
Event: 53.972 GC heap after
Heap after GC invocations=18 (full 3):
 PSYoungGen      total 234496K, used 21473K [0x00000000d5580000, 0x00000000e8280000, 0x0000000100000000)
  eden space 212992K, 0% used [0x00000000d5580000,0x00000000d5580000,0x00000000e2580000)
  from space 21504K, 99% used [0x00000000e2580000,0x00000000e3a784a0,0x00000000e3a80000)
  to   space 28672K, 0% used [0x00000000e6680000,0x00000000e6680000,0x00000000e8280000)
 ParOldGen       total 134144K, used 46453K [0x0000000080000000, 0x0000000088300000, 0x00000000d5580000)
  object space 134144K, 34% used [0x0000000080000000,0x0000000082d5d5b8,0x0000000088300000)
 Metaspace       used 75335K, capacity 77942K, committed 78168K, reserved 1116160K
  class space    used 10179K, capacity 10760K, committed 10880K, reserved 1048576K
}

